<?xml version="1.0" encoding="UTF-8"?>
<testsuite hostname="Gopals-MacBook-Pro.local" name="com.testng.ParameterBased" tests="1" failures="0" timestamp="16 Jun 2020 23:56:53 GMT" time="0.02" errors="0">
  <testcase name="parametersTest" time="0.009" classname="com.testng.ParameterBased"/>
</testsuite>
