<?xml version="1.0" encoding="UTF-8"?>
<!-- Generated by org.testng.reporters.JUnitReportReporter -->
<testsuite hostname="Gopals-MacBook-Pro.local" name="com.testng.A2WebsiteOpen" tests="1" failures="0" timestamp="24 Apr 2020 00:20:22 GMT" time="5.951" errors="0">
  <testcase name="formFill" time="5.951" classname="com.testng.A2WebsiteOpen"/>
</testsuite>
