<?xml version="1.0" encoding="UTF-8"?>
<!-- Generated by org.testng.reporters.JUnitReportReporter -->
<testsuite hostname="Gopals-MacBook-Pro.local" name="com.testng.ParameterBased" tests="1" failures="0" timestamp="22 Jun 2020 01:19:18 GMT" time="0.013" errors="0">
  <testcase name="parametersTest" time="0.013" classname="com.testng.ParameterBased"/>
</testsuite>
