<?xml version="1.0" encoding="UTF-8"?>
<!-- Generated by org.testng.reporters.JUnitReportReporter -->
<testsuite hostname="Gopals-MacBook-Pro.local" name="com.testng.NewTest" tests="1" failures="0" timestamp="7 Apr 2020 04:10:38 GMT" time="0.011" errors="0">
  <testcase name="firstTestNGTest" time="0.011" classname="com.testng.NewTest"/>
</testsuite>
