<?xml version="1.0" encoding="UTF-8"?>
<!-- Generated by org.testng.reporters.JUnitReportReporter -->
<testsuite hostname="Gopals-MacBook-Pro.local" name="com.testng.datadriven.DataDrivenLogin" tests="2" failures="0" timestamp="24 Apr 2020 21:39:37 GMT" time="13.774" errors="0">
  <testcase name="datadriven" time="6.602" classname="com.testng.datadriven.DataDrivenLogin"/>
  <testcase name="datadriven" time="7.172" classname="com.testng.datadriven.DataDrivenLogin"/>
</testsuite>
