<?xml version="1.0" encoding="UTF-8"?>
<!-- Generated by org.testng.reporters.JUnitReportReporter -->
<testsuite hostname="Gopals-MacBook-Pro.local" name="com.testng.datadriven.medium.SenchaLoginTest" tests="10" failures="0" timestamp="22 Apr 2020 19:28:16 GMT" time="43.706" errors="0">
  <testcase name="testSenchaLogin" time="4.361" classname="com.testng.datadriven.medium.SenchaLoginTest"/>
  <testcase name="testSenchaLogin" time="4.355" classname="com.testng.datadriven.medium.SenchaLoginTest"/>
  <testcase name="testSenchaLogin" time="4.500" classname="com.testng.datadriven.medium.SenchaLoginTest"/>
  <testcase name="testSenchaLogin" time="4.336" classname="com.testng.datadriven.medium.SenchaLoginTest"/>
  <testcase name="testSenchaLogin" time="4.336" classname="com.testng.datadriven.medium.SenchaLoginTest"/>
  <testcase name="testSenchaLogin" time="4.384" classname="com.testng.datadriven.medium.SenchaLoginTest"/>
  <testcase name="testSenchaLogin" time="4.340" classname="com.testng.datadriven.medium.SenchaLoginTest"/>
  <testcase name="testSenchaLogin" time="4.376" classname="com.testng.datadriven.medium.SenchaLoginTest"/>
  <testcase name="testSenchaLogin" time="4.360" classname="com.testng.datadriven.medium.SenchaLoginTest"/>
  <testcase name="testSenchaLogin" time="4.358" classname="com.testng.datadriven.medium.SenchaLoginTest"/>
</testsuite>
