<?xml version="1.0" encoding="UTF-8"?>
<!-- Generated by org.testng.reporters.JUnitReportReporter -->
<testsuite hostname="Gopals-MacBook-Pro.local" name="com.testng.A2WebsiteOpen" tests="2" failures="0" timestamp="17 Jun 2020 00:01:57 GMT" time="11.687" errors="0">
  <testcase name="dropDown" time="5.812" classname="com.testng.A2WebsiteOpen"/>
  <testcase name="formFill" time="5.875" classname="com.testng.A2WebsiteOpen"/>
</testsuite>
