<?xml version="1.0" encoding="UTF-8"?>
<!-- Generated by org.testng.reporters.JUnitReportReporter -->
<testsuite hostname="Gopals-MacBook-Pro.local" name="com.testng.A1NewTest" tests="1" failures="0" timestamp="22 Jun 2020 01:51:51 GMT" time="0.012" errors="0">
  <testcase name="websiteTitleTest" time="0.012" classname="com.testng.A1NewTest"/>
</testsuite>
