<?xml version="1.0" encoding="UTF-8"?>
<!-- Generated by org.testng.reporters.JUnitReportReporter -->
<testsuite hostname="Gopals-MacBook-Pro.local" name="com.testng.datadriven.DataDrivenLogin" tests="5" failures="0" timestamp="17 Jun 2020 00:08:57 GMT" time="30.722" errors="0">
  <testcase name="datadriven" time="5.911" classname="com.testng.datadriven.DataDrivenLogin"/>
  <testcase name="datadriven" time="5.780" classname="com.testng.datadriven.DataDrivenLogin"/>
  <testcase name="datadriven" time="7.235" classname="com.testng.datadriven.DataDrivenLogin"/>
  <testcase name="datadriven" time="6.048" classname="com.testng.datadriven.DataDrivenLogin"/>
  <testcase name="datadriven" time="5.748" classname="com.testng.datadriven.DataDrivenLogin"/>
</testsuite>
