<?xml version="1.0" encoding="UTF-8"?>
<!-- Generated by org.testng.reporters.JUnitReportReporter -->
<testsuite hostname="Gopals-MacBook-Pro.local" name="com.testng.A1NewTest" tests="1" failures="0" timestamp="17 Jun 2020 00:01:57 GMT" time="0.011" errors="0">
  <testcase name="firstTestNGTest" time="0.011" classname="com.testng.A1NewTest"/>
</testsuite>
